{"D:\\MyFront\\SoftWork\\Calculator\\src\\index.js": {"path":"D:\\MyFront\\SoftWork\\Calculator\\src\\index.js","statementMap":{"0":{"start":{"line":1,"column":14},"end":{"line":1,"column":22}},"1":{"start":{"line":1,"column":36},"end":{"line":1,"column":48}},"2":{"start":{"line":3,"column":18},"end":{"line":3,"column":38}},"3":{"start":{"line":5,"column":11},"end":{"line":7,"column":1}},"4":{"start":{"line":9,"column":10},"end":{"line":9,"column":11}},"5":{"start":{"line":11,"column":25},"end":{"line":87,"column":1}},"6":{"start":{"line":90,"column":26},"end":{"line":90,"column":58}},"7":{"start":{"line":91,"column":4},"end":{"line":93,"column":6}},"8":{"start":{"line":92,"column":8},"end":{"line":92,"column":111}},"9":{"start":{"line":96,"column":4},"end":{"line":103,"column":6}},"10":{"start":{"line":97,"column":27},"end":{"line":97,"column":39}},"11":{"start":{"line":98,"column":8},"end":{"line":102,"column":10}},"12":{"start":{"line":99,"column":12},"end":{"line":101,"column":13}},"13":{"start":{"line":100,"column":16},"end":{"line":100,"column":34}},"14":{"start":{"line":108,"column":4},"end":{"line":198,"column":5}},"15":{"start":{"line":109,"column":8},"end":{"line":109,"column":42}},"16":{"start":{"line":110,"column":8},"end":{"line":110,"column":41}},"17":{"start":{"line":111,"column":11},"end":{"line":198,"column":5}},"18":{"start":{"line":112,"column":8},"end":{"line":112,"column":42}},"19":{"start":{"line":113,"column":8},"end":{"line":113,"column":41}},"20":{"start":{"line":114,"column":11},"end":{"line":198,"column":5}},"21":{"start":{"line":116,"column":8},"end":{"line":153,"column":9}},"22":{"start":{"line":117,"column":12},"end":{"line":117,"column":24}},"23":{"start":{"line":118,"column":12},"end":{"line":118,"column":36}},"24":{"start":{"line":119,"column":12},"end":{"line":119,"column":39}},"25":{"start":{"line":120,"column":12},"end":{"line":120,"column":38}},"26":{"start":{"line":121,"column":15},"end":{"line":153,"column":9}},"27":{"start":{"line":122,"column":12},"end":{"line":122,"column":25}},"28":{"start":{"line":123,"column":12},"end":{"line":123,"column":36}},"29":{"start":{"line":124,"column":12},"end":{"line":124,"column":39}},"30":{"start":{"line":125,"column":12},"end":{"line":125,"column":38}},"31":{"start":{"line":126,"column":15},"end":{"line":153,"column":9}},"32":{"start":{"line":127,"column":12},"end":{"line":127,"column":25}},"33":{"start":{"line":128,"column":12},"end":{"line":128,"column":36}},"34":{"start":{"line":129,"column":12},"end":{"line":129,"column":39}},"35":{"start":{"line":130,"column":12},"end":{"line":130,"column":38}},"36":{"start":{"line":131,"column":12},"end":{"line":131,"column":37}},"37":{"start":{"line":132,"column":12},"end":{"line":132,"column":35}},"38":{"start":{"line":133,"column":15},"end":{"line":153,"column":9}},"39":{"start":{"line":134,"column":12},"end":{"line":134,"column":26}},"40":{"start":{"line":135,"column":12},"end":{"line":135,"column":42}},"41":{"start":{"line":136,"column":12},"end":{"line":136,"column":39}},"42":{"start":{"line":137,"column":12},"end":{"line":137,"column":38}},"43":{"start":{"line":138,"column":15},"end":{"line":153,"column":9}},"44":{"start":{"line":139,"column":12},"end":{"line":139,"column":27}},"45":{"start":{"line":140,"column":12},"end":{"line":140,"column":42}},"46":{"start":{"line":141,"column":12},"end":{"line":141,"column":39}},"47":{"start":{"line":142,"column":12},"end":{"line":142,"column":38}},"48":{"start":{"line":143,"column":15},"end":{"line":153,"column":9}},"49":{"start":{"line":144,"column":12},"end":{"line":144,"column":27}},"50":{"start":{"line":145,"column":12},"end":{"line":145,"column":42}},"51":{"start":{"line":146,"column":12},"end":{"line":146,"column":39}},"52":{"start":{"line":147,"column":12},"end":{"line":147,"column":38}},"53":{"start":{"line":149,"column":12},"end":{"line":149,"column":40}},"54":{"start":{"line":150,"column":12},"end":{"line":150,"column":36}},"55":{"start":{"line":151,"column":12},"end":{"line":151,"column":39}},"56":{"start":{"line":152,"column":12},"end":{"line":152,"column":38}},"57":{"start":{"line":154,"column":11},"end":{"line":198,"column":5}},"58":{"start":{"line":155,"column":8},"end":{"line":162,"column":9}},"59":{"start":{"line":156,"column":12},"end":{"line":156,"column":31}},"60":{"start":{"line":157,"column":12},"end":{"line":157,"column":29}},"61":{"start":{"line":158,"column":12},"end":{"line":158,"column":33}},"62":{"start":{"line":160,"column":12},"end":{"line":160,"column":32}},"63":{"start":{"line":161,"column":12},"end":{"line":161,"column":30}},"64":{"start":{"line":164,"column":26},"end":{"line":164,"column":47}},"65":{"start":{"line":165,"column":34},"end":{"line":165,"column":61}},"66":{"start":{"line":166,"column":38},"end":{"line":166,"column":69}},"67":{"start":{"line":167,"column":22},"end":{"line":167,"column":72}},"68":{"start":{"line":168,"column":8},"end":{"line":172,"column":10}},"69":{"start":{"line":169,"column":28},"end":{"line":169,"column":40}},"70":{"start":{"line":170,"column":30},"end":{"line":170,"column":54}},"71":{"start":{"line":171,"column":12},"end":{"line":171,"column":69}},"72":{"start":{"line":174,"column":24},"end":{"line":174,"column":81}},"73":{"start":{"line":176,"column":8},"end":{"line":178,"column":10}},"74":{"start":{"line":177,"column":12},"end":{"line":177,"column":83}},"75":{"start":{"line":182,"column":8},"end":{"line":192,"column":9}},"76":{"start":{"line":183,"column":22},"end":{"line":183,"column":40}},"77":{"start":{"line":184,"column":12},"end":{"line":184,"column":39}},"78":{"start":{"line":185,"column":12},"end":{"line":187,"column":13}},"79":{"start":{"line":186,"column":16},"end":{"line":186,"column":55}},"80":{"start":{"line":189,"column":12},"end":{"line":189,"column":28}},"81":{"start":{"line":190,"column":12},"end":{"line":190,"column":38}},"82":{"start":{"line":191,"column":12},"end":{"line":191,"column":18}},"83":{"start":{"line":193,"column":8},"end":{"line":193,"column":20}},"84":{"start":{"line":194,"column":8},"end":{"line":194,"column":33}},"85":{"start":{"line":195,"column":8},"end":{"line":195,"column":31}},"86":{"start":{"line":196,"column":8},"end":{"line":196,"column":34}},"87":{"start":{"line":197,"column":8},"end":{"line":197,"column":14}},"88":{"start":{"line":199,"column":4},"end":{"line":199,"column":50}},"89":{"start":{"line":203,"column":18},"end":{"line":203,"column":20}},"90":{"start":{"line":204,"column":29},"end":{"line":204,"column":30}},"91":{"start":{"line":205,"column":4},"end":{"line":240,"column":6}},"92":{"start":{"line":206,"column":21},"end":{"line":206,"column":23}},"93":{"start":{"line":207,"column":31},"end":{"line":207,"column":62}},"94":{"start":{"line":208,"column":23},"end":{"line":208,"column":43}},"95":{"start":{"line":209,"column":26},"end":{"line":209,"column":27}},"96":{"start":{"line":210,"column":8},"end":{"line":228,"column":9}},"97":{"start":{"line":211,"column":12},"end":{"line":213,"column":13}},"98":{"start":{"line":212,"column":16},"end":{"line":212,"column":32}},"99":{"start":{"line":214,"column":12},"end":{"line":216,"column":13}},"100":{"start":{"line":215,"column":16},"end":{"line":215,"column":32}},"101":{"start":{"line":217,"column":30},"end":{"line":217,"column":35}},"102":{"start":{"line":218,"column":12},"end":{"line":222,"column":14}},"103":{"start":{"line":219,"column":16},"end":{"line":221,"column":17}},"104":{"start":{"line":220,"column":20},"end":{"line":220,"column":38}},"105":{"start":{"line":223,"column":12},"end":{"line":225,"column":13}},"106":{"start":{"line":224,"column":16},"end":{"line":224,"column":22}},"107":{"start":{"line":226,"column":12},"end":{"line":226,"column":45}},"108":{"start":{"line":227,"column":12},"end":{"line":227,"column":23}},"109":{"start":{"line":230,"column":25},"end":{"line":230,"column":40}},"110":{"start":{"line":231,"column":26},"end":{"line":231,"column":38}},"111":{"start":{"line":231,"column":54},"end":{"line":231,"column":57}},"112":{"start":{"line":232,"column":20},"end":{"line":232,"column":42}},"113":{"start":{"line":233,"column":24},"end":{"line":233,"column":60}},"114":{"start":{"line":234,"column":26},"end":{"line":234,"column":76}},"115":{"start":{"line":235,"column":8},"end":{"line":237,"column":10}},"116":{"start":{"line":239,"column":8},"end":{"line":239,"column":30}},"117":{"start":{"line":241,"column":4},"end":{"line":241,"column":18}},"118":{"start":{"line":245,"column":22},"end":{"line":245,"column":24}},"119":{"start":{"line":247,"column":4},"end":{"line":283,"column":6}},"120":{"start":{"line":248,"column":19},"end":{"line":248,"column":21}},"121":{"start":{"line":250,"column":26},"end":{"line":250,"column":27}},"122":{"start":{"line":252,"column":23},"end":{"line":252,"column":38}},"123":{"start":{"line":254,"column":8},"end":{"line":280,"column":9}},"124":{"start":{"line":256,"column":12},"end":{"line":258,"column":13}},"125":{"start":{"line":257,"column":16},"end":{"line":257,"column":32}},"126":{"start":{"line":259,"column":12},"end":{"line":261,"column":13}},"127":{"start":{"line":260,"column":16},"end":{"line":260,"column":32}},"128":{"start":{"line":263,"column":30},"end":{"line":263,"column":35}},"129":{"start":{"line":265,"column":12},"end":{"line":269,"column":14}},"130":{"start":{"line":266,"column":16},"end":{"line":268,"column":17}},"131":{"start":{"line":267,"column":20},"end":{"line":267,"column":38}},"132":{"start":{"line":271,"column":27},"end":{"line":271,"column":54}},"133":{"start":{"line":273,"column":12},"end":{"line":275,"column":13}},"134":{"start":{"line":274,"column":16},"end":{"line":274,"column":22}},"135":{"start":{"line":277,"column":12},"end":{"line":277,"column":43}},"136":{"start":{"line":279,"column":12},"end":{"line":279,"column":23}},"137":{"start":{"line":282,"column":8},"end":{"line":282,"column":39}},"138":{"start":{"line":285,"column":4},"end":{"line":285,"column":22}},"139":{"start":{"line":289,"column":21},"end":{"line":289,"column":23}},"140":{"start":{"line":291,"column":4},"end":{"line":295,"column":6}},"141":{"start":{"line":292,"column":8},"end":{"line":294,"column":9}},"142":{"start":{"line":293,"column":12},"end":{"line":293,"column":34}},"143":{"start":{"line":296,"column":4},"end":{"line":296,"column":21}},"144":{"start":{"line":300,"column":4},"end":{"line":300,"column":69}},"145":{"start":{"line":304,"column":4},"end":{"line":304,"column":63}},"146":{"start":{"line":308,"column":17},"end":{"line":308,"column":18}},"147":{"start":{"line":309,"column":4},"end":{"line":311,"column":5}},"148":{"start":{"line":309,"column":17},"end":{"line":309,"column":18}},"149":{"start":{"line":310,"column":8},"end":{"line":310,"column":19}},"150":{"start":{"line":312,"column":4},"end":{"line":312,"column":17}},"151":{"start":{"line":315,"column":0},"end":{"line":315,"column":24}},"152":{"start":{"line":317,"column":0},"end":{"line":321,"column":1}}},"fnMap":{"0":{"name":"createCalculatorButton","decl":{"start":{"line":89,"column":9},"end":{"line":89,"column":31}},"loc":{"start":{"line":89,"column":34},"end":{"line":104,"column":1}},"line":89},"1":{"name":"(anonymous_1)","decl":{"start":{"line":91,"column":31},"end":{"line":91,"column":32}},"loc":{"start":{"line":91,"column":41},"end":{"line":93,"column":5}},"line":91},"2":{"name":"(anonymous_2)","decl":{"start":{"line":96,"column":44},"end":{"line":96,"column":45}},"loc":{"start":{"line":96,"column":53},"end":{"line":103,"column":5}},"line":96},"3":{"name":"(anonymous_3)","decl":{"start":{"line":98,"column":35},"end":{"line":98,"column":36}},"loc":{"start":{"line":98,"column":45},"end":{"line":102,"column":9}},"line":98},"4":{"name":"calculator","decl":{"start":{"line":107,"column":9},"end":{"line":107,"column":19}},"loc":{"start":{"line":107,"column":28},"end":{"line":200,"column":1}},"line":107},"5":{"name":"(anonymous_5)","decl":{"start":{"line":168,"column":22},"end":{"line":168,"column":23}},"loc":{"start":{"line":168,"column":30},"end":{"line":172,"column":9}},"line":168},"6":{"name":"(anonymous_6)","decl":{"start":{"line":176,"column":24},"end":{"line":176,"column":25}},"loc":{"start":{"line":176,"column":34},"end":{"line":178,"column":9}},"line":176},"7":{"name":"factorialNumGetter","decl":{"start":{"line":202,"column":9},"end":{"line":202,"column":27}},"loc":{"start":{"line":202,"column":62},"end":{"line":242,"column":1}},"line":202},"8":{"name":"(anonymous_8)","decl":{"start":{"line":205,"column":36},"end":{"line":205,"column":37}},"loc":{"start":{"line":205,"column":50},"end":{"line":240,"column":5}},"line":205},"9":{"name":"(anonymous_9)","decl":{"start":{"line":218,"column":30},"end":{"line":218,"column":31}},"loc":{"start":{"line":218,"column":42},"end":{"line":222,"column":13}},"line":218},"10":{"name":"powerBaseGetter","decl":{"start":{"line":244,"column":9},"end":{"line":244,"column":24}},"loc":{"start":{"line":244,"column":55},"end":{"line":286,"column":1}},"line":244},"11":{"name":"(anonymous_11)","decl":{"start":{"line":247,"column":32},"end":{"line":247,"column":33}},"loc":{"start":{"line":247,"column":47},"end":{"line":283,"column":5}},"line":247},"12":{"name":"(anonymous_12)","decl":{"start":{"line":265,"column":30},"end":{"line":265,"column":31}},"loc":{"start":{"line":265,"column":42},"end":{"line":269,"column":13}},"line":265},"13":{"name":"search","decl":{"start":{"line":288,"column":9},"end":{"line":288,"column":15}},"loc":{"start":{"line":288,"column":32},"end":{"line":297,"column":1}},"line":288},"14":{"name":"(anonymous_14)","decl":{"start":{"line":291,"column":18},"end":{"line":291,"column":19}},"loc":{"start":{"line":291,"column":38},"end":{"line":295,"column":5}},"line":291},"15":{"name":"updateOutputOperation","decl":{"start":{"line":299,"column":9},"end":{"line":299,"column":30}},"loc":{"start":{"line":299,"column":42},"end":{"line":301,"column":1}},"line":299},"16":{"name":"updateOutputResult","decl":{"start":{"line":303,"column":9},"end":{"line":303,"column":27}},"loc":{"start":{"line":303,"column":36},"end":{"line":305,"column":1}},"line":303},"17":{"name":"factorial","decl":{"start":{"line":307,"column":9},"end":{"line":307,"column":18}},"loc":{"start":{"line":307,"column":27},"end":{"line":313,"column":1}},"line":307}},"branchMap":{"0":{"loc":{"start":{"line":99,"column":12},"end":{"line":101,"column":13}},"type":"if","locations":[{"start":{"line":99,"column":12},"end":{"line":101,"column":13}},{"start":{},"end":{}}],"line":99},"1":{"loc":{"start":{"line":108,"column":4},"end":{"line":198,"column":5}},"type":"if","locations":[{"start":{"line":108,"column":4},"end":{"line":198,"column":5}},{"start":{"line":111,"column":11},"end":{"line":198,"column":5}}],"line":108},"2":{"loc":{"start":{"line":111,"column":11},"end":{"line":198,"column":5}},"type":"if","locations":[{"start":{"line":111,"column":11},"end":{"line":198,"column":5}},{"start":{"line":114,"column":11},"end":{"line":198,"column":5}}],"line":111},"3":{"loc":{"start":{"line":114,"column":11},"end":{"line":198,"column":5}},"type":"if","locations":[{"start":{"line":114,"column":11},"end":{"line":198,"column":5}},{"start":{"line":154,"column":11},"end":{"line":198,"column":5}}],"line":114},"4":{"loc":{"start":{"line":116,"column":8},"end":{"line":153,"column":9}},"type":"if","locations":[{"start":{"line":116,"column":8},"end":{"line":153,"column":9}},{"start":{"line":121,"column":15},"end":{"line":153,"column":9}}],"line":116},"5":{"loc":{"start":{"line":121,"column":15},"end":{"line":153,"column":9}},"type":"if","locations":[{"start":{"line":121,"column":15},"end":{"line":153,"column":9}},{"start":{"line":126,"column":15},"end":{"line":153,"column":9}}],"line":121},"6":{"loc":{"start":{"line":126,"column":15},"end":{"line":153,"column":9}},"type":"if","locations":[{"start":{"line":126,"column":15},"end":{"line":153,"column":9}},{"start":{"line":133,"column":15},"end":{"line":153,"column":9}}],"line":126},"7":{"loc":{"start":{"line":133,"column":15},"end":{"line":153,"column":9}},"type":"if","locations":[{"start":{"line":133,"column":15},"end":{"line":153,"column":9}},{"start":{"line":138,"column":15},"end":{"line":153,"column":9}}],"line":133},"8":{"loc":{"start":{"line":138,"column":15},"end":{"line":153,"column":9}},"type":"if","locations":[{"start":{"line":138,"column":15},"end":{"line":153,"column":9}},{"start":{"line":143,"column":15},"end":{"line":153,"column":9}}],"line":138},"9":{"loc":{"start":{"line":143,"column":15},"end":{"line":153,"column":9}},"type":"if","locations":[{"start":{"line":143,"column":15},"end":{"line":153,"column":9}},{"start":{"line":148,"column":15},"end":{"line":153,"column":9}}],"line":143},"10":{"loc":{"start":{"line":154,"column":11},"end":{"line":198,"column":5}},"type":"if","locations":[{"start":{"line":154,"column":11},"end":{"line":198,"column":5}},{"start":{"line":163,"column":11},"end":{"line":198,"column":5}}],"line":154},"11":{"loc":{"start":{"line":155,"column":8},"end":{"line":162,"column":9}},"type":"if","locations":[{"start":{"line":155,"column":8},"end":{"line":162,"column":9}},{"start":{"line":159,"column":15},"end":{"line":162,"column":9}}],"line":155},"12":{"loc":{"start":{"line":185,"column":12},"end":{"line":187,"column":13}},"type":"if","locations":[{"start":{"line":185,"column":12},"end":{"line":187,"column":13}},{"start":{},"end":{}}],"line":185},"13":{"loc":{"start":{"line":211,"column":12},"end":{"line":213,"column":13}},"type":"if","locations":[{"start":{"line":211,"column":12},"end":{"line":213,"column":13}},{"start":{},"end":{}}],"line":211},"14":{"loc":{"start":{"line":214,"column":12},"end":{"line":216,"column":13}},"type":"if","locations":[{"start":{"line":214,"column":12},"end":{"line":216,"column":13}},{"start":{},"end":{}}],"line":214},"15":{"loc":{"start":{"line":219,"column":16},"end":{"line":221,"column":17}},"type":"if","locations":[{"start":{"line":219,"column":16},"end":{"line":221,"column":17}},{"start":{},"end":{}}],"line":219},"16":{"loc":{"start":{"line":223,"column":12},"end":{"line":225,"column":13}},"type":"if","locations":[{"start":{"line":223,"column":12},"end":{"line":225,"column":13}},{"start":{},"end":{}}],"line":223},"17":{"loc":{"start":{"line":223,"column":16},"end":{"line":223,"column":48}},"type":"binary-expr","locations":[{"start":{"line":223,"column":16},"end":{"line":223,"column":27}},{"start":{"line":223,"column":31},"end":{"line":223,"column":48}}],"line":223},"18":{"loc":{"start":{"line":256,"column":12},"end":{"line":258,"column":13}},"type":"if","locations":[{"start":{"line":256,"column":12},"end":{"line":258,"column":13}},{"start":{},"end":{}}],"line":256},"19":{"loc":{"start":{"line":259,"column":12},"end":{"line":261,"column":13}},"type":"if","locations":[{"start":{"line":259,"column":12},"end":{"line":261,"column":13}},{"start":{},"end":{}}],"line":259},"20":{"loc":{"start":{"line":266,"column":16},"end":{"line":268,"column":17}},"type":"if","locations":[{"start":{"line":266,"column":16},"end":{"line":268,"column":17}},{"start":{},"end":{}}],"line":266},"21":{"loc":{"start":{"line":273,"column":12},"end":{"line":275,"column":13}},"type":"if","locations":[{"start":{"line":273,"column":12},"end":{"line":275,"column":13}},{"start":{},"end":{}}],"line":273},"22":{"loc":{"start":{"line":273,"column":16},"end":{"line":273,"column":62}},"type":"binary-expr","locations":[{"start":{"line":273,"column":17},"end":{"line":273,"column":28}},{"start":{"line":273,"column":32},"end":{"line":273,"column":49}},{"start":{"line":273,"column":54},"end":{"line":273,"column":62}}],"line":273},"23":{"loc":{"start":{"line":292,"column":8},"end":{"line":294,"column":9}},"type":"if","locations":[{"start":{"line":292,"column":8},"end":{"line":294,"column":9}},{"start":{},"end":{}}],"line":292}},"s":{"0":1,"1":1,"2":1,"3":1,"4":1,"5":1,"6":2,"7":2,"8":74,"9":2,"10":2,"11":2,"12":74,"13":2,"14":108,"15":10,"16":10,"17":98,"18":49,"19":49,"20":49,"21":12,"22":2,"23":2,"24":2,"25":2,"26":10,"27":3,"28":3,"29":3,"30":3,"31":7,"32":1,"33":1,"34":1,"35":1,"36":1,"37":1,"38":6,"39":1,"40":1,"41":1,"42":1,"43":5,"44":1,"45":1,"46":1,"47":1,"48":4,"49":1,"50":1,"51":1,"52":1,"53":3,"54":3,"55":3,"56":3,"57":37,"58":19,"59":18,"60":18,"61":18,"62":1,"63":1,"64":18,"65":18,"66":18,"67":18,"68":18,"69":4,"70":4,"71":4,"72":18,"73":18,"74":2,"75":18,"76":18,"77":18,"78":17,"79":4,"80":1,"81":1,"82":1,"83":17,"84":17,"85":17,"86":17,"87":17,"88":90,"89":18,"90":18,"91":18,"92":2,"93":2,"94":2,"95":2,"96":2,"97":7,"98":1,"99":7,"100":1,"101":7,"102":7,"103":28,"104":2,"105":7,"106":1,"107":6,"108":6,"109":2,"110":2,"111":2,"112":2,"113":2,"114":2,"115":2,"116":2,"117":18,"118":18,"119":18,"120":4,"121":4,"122":4,"123":4,"124":9,"125":1,"126":9,"127":1,"128":9,"129":9,"130":36,"131":2,"132":9,"133":9,"134":1,"135":8,"136":8,"137":4,"138":18,"139":36,"140":36,"141":138,"142":6,"143":36,"144":90,"145":36,"146":2,"147":2,"148":2,"149":10,"150":2,"151":1,"152":1},"f":{"0":2,"1":74,"2":2,"3":74,"4":108,"5":4,"6":2,"7":18,"8":2,"9":28,"10":18,"11":4,"12":36,"13":36,"14":138,"15":90,"16":36,"17":2},"b":{"0":[2,72],"1":[10,98],"2":[49,49],"3":[12,37],"4":[2,10],"5":[3,7],"6":[1,6],"7":[1,5],"8":[1,4],"9":[1,3],"10":[19,18],"11":[18,1],"12":[4,13],"13":[1,6],"14":[1,6],"15":[2,26],"16":[1,6],"17":[7,2],"18":[1,8],"19":[1,8],"20":[2,34],"21":[1,8],"22":[9,2,8],"23":[6,132]},"_coverageSchema":"1a1c01bbd47fc00a2c39e90264f33305004495a9","hash":"092258bace9ecbb353200548c0264a6b68047471"}
}
