<?xml version="1.0" encoding="UTF-8"?>
<coverage generated="1695619090631" clover="3.2.0">
  <project timestamp="1695619090631" name="All files">
    <metrics statements="150" coveredstatements="150" conditionals="49" coveredconditionals="49" methods="18" coveredmethods="18" elements="217" coveredelements="217" complexity="0" loc="150" ncloc="150" packages="1" files="1" classes="1"/>
    <file name="index.js" path="D:\MyFront\SoftWork\Calculator\src\index.js">
      <metrics statements="150" coveredstatements="150" conditionals="49" coveredconditionals="49" methods="18" coveredmethods="18"/>
      <line num="1" count="1" type="stmt"/>
      <line num="3" count="1" type="stmt"/>
      <line num="5" count="1" type="stmt"/>
      <line num="9" count="1" type="stmt"/>
      <line num="11" count="1" type="stmt"/>
      <line num="90" count="2" type="stmt"/>
      <line num="91" count="2" type="stmt"/>
      <line num="92" count="74" type="stmt"/>
      <line num="96" count="2" type="stmt"/>
      <line num="97" count="2" type="stmt"/>
      <line num="98" count="2" type="stmt"/>
      <line num="99" count="74" type="cond" truecount="2" falsecount="0"/>
      <line num="100" count="2" type="stmt"/>
      <line num="108" count="108" type="cond" truecount="2" falsecount="0"/>
      <line num="109" count="10" type="stmt"/>
      <line num="110" count="10" type="stmt"/>
      <line num="111" count="98" type="cond" truecount="2" falsecount="0"/>
      <line num="112" count="49" type="stmt"/>
      <line num="113" count="49" type="stmt"/>
      <line num="114" count="49" type="cond" truecount="2" falsecount="0"/>
      <line num="116" count="12" type="cond" truecount="2" falsecount="0"/>
      <line num="117" count="2" type="stmt"/>
      <line num="118" count="2" type="stmt"/>
      <line num="119" count="2" type="stmt"/>
      <line num="120" count="2" type="stmt"/>
      <line num="121" count="10" type="cond" truecount="2" falsecount="0"/>
      <line num="122" count="3" type="stmt"/>
      <line num="123" count="3" type="stmt"/>
      <line num="124" count="3" type="stmt"/>
      <line num="125" count="3" type="stmt"/>
      <line num="126" count="7" type="cond" truecount="2" falsecount="0"/>
      <line num="127" count="1" type="stmt"/>
      <line num="128" count="1" type="stmt"/>
      <line num="129" count="1" type="stmt"/>
      <line num="130" count="1" type="stmt"/>
      <line num="131" count="1" type="stmt"/>
      <line num="132" count="1" type="stmt"/>
      <line num="133" count="6" type="cond" truecount="2" falsecount="0"/>
      <line num="134" count="1" type="stmt"/>
      <line num="135" count="1" type="stmt"/>
      <line num="136" count="1" type="stmt"/>
      <line num="137" count="1" type="stmt"/>
      <line num="138" count="5" type="cond" truecount="2" falsecount="0"/>
      <line num="139" count="1" type="stmt"/>
      <line num="140" count="1" type="stmt"/>
      <line num="141" count="1" type="stmt"/>
      <line num="142" count="1" type="stmt"/>
      <line num="143" count="4" type="cond" truecount="2" falsecount="0"/>
      <line num="144" count="1" type="stmt"/>
      <line num="145" count="1" type="stmt"/>
      <line num="146" count="1" type="stmt"/>
      <line num="147" count="1" type="stmt"/>
      <line num="149" count="3" type="stmt"/>
      <line num="150" count="3" type="stmt"/>
      <line num="151" count="3" type="stmt"/>
      <line num="152" count="3" type="stmt"/>
      <line num="154" count="37" type="cond" truecount="2" falsecount="0"/>
      <line num="155" count="19" type="cond" truecount="2" falsecount="0"/>
      <line num="156" count="18" type="stmt"/>
      <line num="157" count="18" type="stmt"/>
      <line num="158" count="18" type="stmt"/>
      <line num="160" count="1" type="stmt"/>
      <line num="161" count="1" type="stmt"/>
      <line num="164" count="18" type="stmt"/>
      <line num="165" count="18" type="stmt"/>
      <line num="166" count="18" type="stmt"/>
      <line num="167" count="18" type="stmt"/>
      <line num="168" count="18" type="stmt"/>
      <line num="169" count="4" type="stmt"/>
      <line num="170" count="4" type="stmt"/>
      <line num="171" count="4" type="stmt"/>
      <line num="174" count="18" type="stmt"/>
      <line num="176" count="18" type="stmt"/>
      <line num="177" count="2" type="stmt"/>
      <line num="182" count="18" type="stmt"/>
      <line num="183" count="18" type="stmt"/>
      <line num="184" count="18" type="stmt"/>
      <line num="185" count="17" type="cond" truecount="2" falsecount="0"/>
      <line num="186" count="4" type="stmt"/>
      <line num="189" count="1" type="stmt"/>
      <line num="190" count="1" type="stmt"/>
      <line num="191" count="1" type="stmt"/>
      <line num="193" count="17" type="stmt"/>
      <line num="194" count="17" type="stmt"/>
      <line num="195" count="17" type="stmt"/>
      <line num="196" count="17" type="stmt"/>
      <line num="197" count="17" type="stmt"/>
      <line num="199" count="90" type="stmt"/>
      <line num="203" count="18" type="stmt"/>
      <line num="204" count="18" type="stmt"/>
      <line num="205" count="18" type="stmt"/>
      <line num="206" count="2" type="stmt"/>
      <line num="207" count="2" type="stmt"/>
      <line num="208" count="2" type="stmt"/>
      <line num="209" count="2" type="stmt"/>
      <line num="210" count="2" type="stmt"/>
      <line num="211" count="7" type="cond" truecount="2" falsecount="0"/>
      <line num="212" count="1" type="stmt"/>
      <line num="214" count="7" type="cond" truecount="2" falsecount="0"/>
      <line num="215" count="1" type="stmt"/>
      <line num="217" count="7" type="stmt"/>
      <line num="218" count="7" type="stmt"/>
      <line num="219" count="28" type="cond" truecount="2" falsecount="0"/>
      <line num="220" count="2" type="stmt"/>
      <line num="223" count="7" type="cond" truecount="4" falsecount="0"/>
      <line num="224" count="1" type="stmt"/>
      <line num="226" count="6" type="stmt"/>
      <line num="227" count="6" type="stmt"/>
      <line num="230" count="2" type="stmt"/>
      <line num="231" count="2" type="stmt"/>
      <line num="232" count="2" type="stmt"/>
      <line num="233" count="2" type="stmt"/>
      <line num="234" count="2" type="stmt"/>
      <line num="235" count="2" type="stmt"/>
      <line num="239" count="2" type="stmt"/>
      <line num="241" count="18" type="stmt"/>
      <line num="245" count="18" type="stmt"/>
      <line num="247" count="18" type="stmt"/>
      <line num="248" count="4" type="stmt"/>
      <line num="250" count="4" type="stmt"/>
      <line num="252" count="4" type="stmt"/>
      <line num="254" count="4" type="stmt"/>
      <line num="256" count="9" type="cond" truecount="2" falsecount="0"/>
      <line num="257" count="1" type="stmt"/>
      <line num="259" count="9" type="cond" truecount="2" falsecount="0"/>
      <line num="260" count="1" type="stmt"/>
      <line num="263" count="9" type="stmt"/>
      <line num="265" count="9" type="stmt"/>
      <line num="266" count="36" type="cond" truecount="2" falsecount="0"/>
      <line num="267" count="2" type="stmt"/>
      <line num="271" count="9" type="stmt"/>
      <line num="273" count="9" type="cond" truecount="5" falsecount="0"/>
      <line num="274" count="1" type="stmt"/>
      <line num="277" count="8" type="stmt"/>
      <line num="279" count="8" type="stmt"/>
      <line num="282" count="4" type="stmt"/>
      <line num="285" count="18" type="stmt"/>
      <line num="289" count="36" type="stmt"/>
      <line num="291" count="36" type="stmt"/>
      <line num="292" count="138" type="cond" truecount="2" falsecount="0"/>
      <line num="293" count="6" type="stmt"/>
      <line num="296" count="36" type="stmt"/>
      <line num="300" count="90" type="stmt"/>
      <line num="304" count="36" type="stmt"/>
      <line num="308" count="2" type="stmt"/>
      <line num="309" count="2" type="stmt"/>
      <line num="310" count="10" type="stmt"/>
      <line num="312" count="2" type="stmt"/>
      <line num="315" count="1" type="stmt"/>
      <line num="317" count="1" type="stmt"/>
    </file>
  </project>
</coverage>
