TN:
SF:src\index.js
FN:89,createCalculatorButton
FN:91,(anonymous_1)
FN:96,(anonymous_2)
FN:98,(anonymous_3)
FN:107,calculator
FN:168,(anonymous_5)
FN:176,(anonymous_6)
FN:202,factorialNumGetter
FN:205,(anonymous_8)
FN:218,(anonymous_9)
FN:244,powerBaseGetter
FN:247,(anonymous_11)
FN:265,(anonymous_12)
FN:288,search
FN:291,(anonymous_14)
FN:299,updateOutputOperation
FN:303,updateOutputResult
FN:307,factorial
FNF:18
FNH:18
FNDA:2,createCalculatorButton
FNDA:74,(anonymous_1)
FNDA:2,(anonymous_2)
FNDA:74,(anonymous_3)
FNDA:108,calculator
FNDA:4,(anonymous_5)
FNDA:2,(anonymous_6)
FNDA:18,factorialNumGetter
FNDA:2,(anonymous_8)
FNDA:28,(anonymous_9)
FNDA:18,powerBaseGetter
FNDA:4,(anonymous_11)
FNDA:36,(anonymous_12)
FNDA:36,search
FNDA:138,(anonymous_14)
FNDA:90,updateOutputOperation
FNDA:36,updateOutputResult
FNDA:2,factorial
DA:1,1
DA:3,1
DA:5,1
DA:9,1
DA:11,1
DA:90,2
DA:91,2
DA:92,74
DA:96,2
DA:97,2
DA:98,2
DA:99,74
DA:100,2
DA:108,108
DA:109,10
DA:110,10
DA:111,98
DA:112,49
DA:113,49
DA:114,49
DA:116,12
DA:117,2
DA:118,2
DA:119,2
DA:120,2
DA:121,10
DA:122,3
DA:123,3
DA:124,3
DA:125,3
DA:126,7
DA:127,1
DA:128,1
DA:129,1
DA:130,1
DA:131,1
DA:132,1
DA:133,6
DA:134,1
DA:135,1
DA:136,1
DA:137,1
DA:138,5
DA:139,1
DA:140,1
DA:141,1
DA:142,1
DA:143,4
DA:144,1
DA:145,1
DA:146,1
DA:147,1
DA:149,3
DA:150,3
DA:151,3
DA:152,3
DA:154,37
DA:155,19
DA:156,18
DA:157,18
DA:158,18
DA:160,1
DA:161,1
DA:164,18
DA:165,18
DA:166,18
DA:167,18
DA:168,18
DA:169,4
DA:170,4
DA:171,4
DA:174,18
DA:176,18
DA:177,2
DA:182,18
DA:183,18
DA:184,18
DA:185,17
DA:186,4
DA:189,1
DA:190,1
DA:191,1
DA:193,17
DA:194,17
DA:195,17
DA:196,17
DA:197,17
DA:199,90
DA:203,18
DA:204,18
DA:205,18
DA:206,2
DA:207,2
DA:208,2
DA:209,2
DA:210,2
DA:211,7
DA:212,1
DA:214,7
DA:215,1
DA:217,7
DA:218,7
DA:219,28
DA:220,2
DA:223,7
DA:224,1
DA:226,6
DA:227,6
DA:230,2
DA:231,2
DA:232,2
DA:233,2
DA:234,2
DA:235,2
DA:239,2
DA:241,18
DA:245,18
DA:247,18
DA:248,4
DA:250,4
DA:252,4
DA:254,4
DA:256,9
DA:257,1
DA:259,9
DA:260,1
DA:263,9
DA:265,9
DA:266,36
DA:267,2
DA:271,9
DA:273,9
DA:274,1
DA:277,8
DA:279,8
DA:282,4
DA:285,18
DA:289,36
DA:291,36
DA:292,138
DA:293,6
DA:296,36
DA:300,90
DA:304,36
DA:308,2
DA:309,2
DA:310,10
DA:312,2
DA:315,1
DA:317,1
LF:150
LH:150
BRDA:99,0,0,2
BRDA:99,0,1,72
BRDA:108,1,0,10
BRDA:108,1,1,98
BRDA:111,2,0,49
BRDA:111,2,1,49
BRDA:114,3,0,12
BRDA:114,3,1,37
BRDA:116,4,0,2
BRDA:116,4,1,10
BRDA:121,5,0,3
BRDA:121,5,1,7
BRDA:126,6,0,1
BRDA:126,6,1,6
BRDA:133,7,0,1
BRDA:133,7,1,5
BRDA:138,8,0,1
BRDA:138,8,1,4
BRDA:143,9,0,1
BRDA:143,9,1,3
BRDA:154,10,0,19
BRDA:154,10,1,18
BRDA:155,11,0,18
BRDA:155,11,1,1
BRDA:185,12,0,4
BRDA:185,12,1,13
BRDA:211,13,0,1
BRDA:211,13,1,6
BRDA:214,14,0,1
BRDA:214,14,1,6
BRDA:219,15,0,2
BRDA:219,15,1,26
BRDA:223,16,0,1
BRDA:223,16,1,6
BRDA:223,17,0,7
BRDA:223,17,1,2
BRDA:256,18,0,1
BRDA:256,18,1,8
BRDA:259,19,0,1
BRDA:259,19,1,8
BRDA:266,20,0,2
BRDA:266,20,1,34
BRDA:273,21,0,1
BRDA:273,21,1,8
BRDA:273,22,0,9
BRDA:273,22,1,2
BRDA:273,22,2,8
BRDA:292,23,0,6
BRDA:292,23,1,132
BRF:49
BRH:49
end_of_record
